<?xml version="1.0" encoding="UTF-8"?>
<coverage generated="1758390829404" clover="3.2.0">
  <project timestamp="1758390829404" name="All files">
    <metrics statements="220" coveredstatements="181" conditionals="4027" coveredconditionals="650" methods="1396" coveredmethods="318" elements="5643" coveredelements="1149" complexity="0" loc="220" ncloc="220" packages="11" files="19" classes="19"/>
    <package name="src">
      <metrics statements="9" coveredstatements="9" conditionals="0" coveredconditionals="0" methods="1" coveredmethods="1"/>
      <file name="app.ts" path="/home/jay/Documents/code_projects/movie_reservation/src/app.ts">
        <metrics statements="9" coveredstatements="9" conditionals="0" coveredconditionals="0" methods="1" coveredmethods="1"/>
        <line num="10" count="2" type="stmt"/>
        <line num="12" count="2" type="stmt"/>
        <line num="14" count="2" type="stmt"/>
        <line num="16" count="2" type="stmt"/>
        <line num="17" count="2" type="stmt"/>
        <line num="18" count="2" type="stmt"/>
        <line num="20" count="2" type="stmt"/>
        <line num="24" count="2" type="stmt"/>
        <line num="25" count="2" type="stmt"/>
      </file>
    </package>
    <package name="src.auth">
      <metrics statements="10" coveredstatements="8" conditionals="4" coveredconditionals="2" methods="2" coveredmethods="2"/>
      <file name="jwt_auth.ts" path="/home/jay/Documents/code_projects/movie_reservation/src/auth/jwt_auth.ts">
        <metrics statements="10" coveredstatements="8" conditionals="4" coveredconditionals="2" methods="2" coveredmethods="2"/>
        <line num="3" count="2" type="stmt"/>
        <line num="4" count="2" type="stmt"/>
        <line num="5" count="17" type="cond" truecount="1" falsecount="1"/>
        <line num="6" count="0" type="stmt"/>
        <line num="9" count="17" type="stmt"/>
        <line num="14" count="17" type="stmt"/>
        <line num="17" count="2" type="stmt"/>
        <line num="18" count="14" type="cond" truecount="1" falsecount="1"/>
        <line num="19" count="0" type="stmt"/>
        <line num="21" count="14" type="stmt"/>
      </file>
    </package>
    <package name="src.config">
      <metrics statements="3" coveredstatements="3" conditionals="0" coveredconditionals="0" methods="0" coveredmethods="0"/>
      <file name="db.ts" path="/home/jay/Documents/code_projects/movie_reservation/src/config/db.ts">
        <metrics statements="2" coveredstatements="2" conditionals="0" coveredconditionals="0" methods="0" coveredmethods="0"/>
        <line num="4" count="2" type="stmt"/>
        <line num="6" count="2" type="stmt"/>
      </file>
      <file name="logger.ts" path="/home/jay/Documents/code_projects/movie_reservation/src/config/logger.ts">
        <metrics statements="1" coveredstatements="1" conditionals="0" coveredconditionals="0" methods="0" coveredmethods="0"/>
        <line num="3" count="2" type="stmt"/>
      </file>
    </package>
    <package name="src.controllers">
      <metrics statements="39" coveredstatements="33" conditionals="8" coveredconditionals="7" methods="6" coveredmethods="4"/>
      <file name="healthControllers.ts" path="/home/jay/Documents/code_projects/movie_reservation/src/controllers/healthControllers.ts">
        <metrics statements="3" coveredstatements="1" conditionals="0" coveredconditionals="0" methods="1" coveredmethods="0"/>
        <line num="4" count="2" type="stmt"/>
        <line num="5" count="0" type="stmt"/>
        <line num="6" count="0" type="stmt"/>
      </file>
      <file name="movieControllers.ts" path="/home/jay/Documents/code_projects/movie_reservation/src/controllers/movieControllers.ts">
        <metrics statements="16" coveredstatements="12" conditionals="4" coveredconditionals="3" methods="3" coveredmethods="2"/>
        <line num="6" count="2" type="stmt"/>
        <line num="7" count="2" type="stmt"/>
        <line num="9" count="2" type="cond" truecount="2" falsecount="0"/>
        <line num="10" count="1" type="stmt"/>
        <line num="13" count="1" type="stmt"/>
        <line num="14" count="1" type="cond" truecount="1" falsecount="1"/>
        <line num="15" count="0" type="stmt"/>
        <line num="17" count="1" type="stmt"/>
        <line num="20" count="2" type="stmt"/>
        <line num="21" count="6" type="stmt"/>
        <line num="23" count="1" type="stmt"/>
        <line num="24" count="1" type="stmt"/>
        <line num="27" count="2" type="stmt"/>
        <line num="33" count="0" type="stmt"/>
        <line num="35" count="0" type="stmt"/>
        <line num="36" count="0" type="stmt"/>
      </file>
      <file name="userControllers.ts" path="/home/jay/Documents/code_projects/movie_reservation/src/controllers/userControllers.ts">
        <metrics statements="20" coveredstatements="20" conditionals="4" coveredconditionals="4" methods="2" coveredmethods="2"/>
        <line num="16" count="2" type="stmt"/>
        <line num="18" count="2" type="stmt"/>
        <line num="21" count="5" type="stmt"/>
        <line num="23" count="1" type="stmt"/>
        <line num="29" count="1" type="stmt"/>
        <line num="31" count="1" type="stmt"/>
        <line num="36" count="1" type="stmt"/>
        <line num="41" count="2" type="stmt"/>
        <line num="42" count="20" type="stmt"/>
        <line num="44" count="17" type="stmt"/>
        <line num="45" count="17" type="stmt"/>
        <line num="47" count="17" type="cond" truecount="2" falsecount="0"/>
        <line num="48" count="1" type="stmt"/>
        <line num="52" count="16" type="stmt"/>
        <line num="57" count="16" type="cond" truecount="2" falsecount="0"/>
        <line num="58" count="1" type="stmt"/>
        <line num="61" count="16" type="stmt"/>
        <line num="66" count="16" type="stmt"/>
        <line num="68" count="1" type="stmt"/>
        <line num="69" count="1" type="stmt"/>
      </file>
    </package>
    <package name="src.generated.prisma">
      <metrics statements="56" coveredstatements="51" conditionals="8" coveredconditionals="4" methods="1" coveredmethods="0"/>
      <file name="index.js" path="/home/jay/Documents/code_projects/movie_reservation/src/generated/prisma/index.js">
        <metrics statements="56" coveredstatements="51" conditionals="8" coveredconditionals="4" methods="1" coveredmethods="0"/>
        <line num="5" count="2" type="stmt"/>
        <line num="29" count="2" type="stmt"/>
        <line num="32" count="2" type="stmt"/>
        <line num="34" count="2" type="stmt"/>
        <line num="35" count="2" type="stmt"/>
        <line num="41" count="2" type="stmt"/>
        <line num="46" count="2" type="stmt"/>
        <line num="47" count="2" type="stmt"/>
        <line num="48" count="2" type="stmt"/>
        <line num="49" count="2" type="stmt"/>
        <line num="50" count="2" type="stmt"/>
        <line num="51" count="2" type="stmt"/>
        <line num="56" count="2" type="stmt"/>
        <line num="57" count="2" type="stmt"/>
        <line num="58" count="2" type="stmt"/>
        <line num="59" count="2" type="stmt"/>
        <line num="60" count="2" type="stmt"/>
        <line num="65" count="2" type="stmt"/>
        <line num="66" count="2" type="stmt"/>
        <line num="71" count="2" type="stmt"/>
        <line num="72" count="2" type="stmt"/>
        <line num="73" count="2" type="stmt"/>
        <line num="75" count="2" type="stmt"/>
        <line num="84" count="2" type="stmt"/>
        <line num="89" count="2" type="stmt"/>
        <line num="96" count="2" type="stmt"/>
        <line num="103" count="2" type="stmt"/>
        <line num="111" count="2" type="stmt"/>
        <line num="116" count="2" type="stmt"/>
        <line num="124" count="2" type="stmt"/>
        <line num="131" count="2" type="stmt"/>
        <line num="136" count="2" type="stmt"/>
        <line num="141" count="2" type="stmt"/>
        <line num="147" count="2" type="stmt"/>
        <line num="157" count="2" type="stmt"/>
        <line num="207" count="2" type="stmt"/>
        <line num="209" count="2" type="stmt"/>
        <line num="210" count="2" type="cond" truecount="1" falsecount="1"/>
        <line num="211" count="0" type="stmt"/>
        <line num="216" count="0" type="cond" truecount="0" falsecount="2"/>
        <line num="217" count="0" type="stmt"/>
        <line num="220" count="0" type="stmt"/>
        <line num="221" count="0" type="stmt"/>
        <line num="224" count="2" type="stmt"/>
        <line num="225" count="2" type="stmt"/>
        <line num="226" count="2" type="stmt"/>
        <line num="227" count="2" type="stmt"/>
        <line num="230" count="2" type="stmt"/>
        <line num="232" count="2" type="stmt"/>
        <line num="237" count="2" type="stmt"/>
        <line num="238" count="2" type="stmt"/>
        <line num="239" count="2" type="stmt"/>
        <line num="242" count="2" type="stmt"/>
        <line num="243" count="2" type="stmt"/>
        <line num="245" count="2" type="stmt"/>
        <line num="246" count="2" type="stmt"/>
      </file>
    </package>
    <package name="src.generated.prisma.runtime">
      <metrics statements="50" coveredstatements="29" conditionals="4000" coveredconditionals="631" methods="1376" coveredmethods="303"/>
      <file name="library.js" path="/home/jay/Documents/code_projects/movie_reservation/src/generated/prisma/runtime/library.js">
        <metrics statements="50" coveredstatements="29" conditionals="4000" coveredconditionals="631" methods="1376" coveredmethods="303"/>
        <line num="4" count="1987" type="cond" truecount="71" falsecount="99"/>
        <line num="5" count="48" type="cond" truecount="2" falsecount="2"/>
        <line num="6" count="144" type="cond" truecount="56" falsecount="134"/>
        <line num="7" count="132" type="cond" truecount="44" falsecount="146"/>
        <line num="8" count="12" type="cond" truecount="16" falsecount="23"/>
        <line num="9" count="4" type="cond" truecount="60" falsecount="126"/>
        <line num="12" count="4" type="cond" truecount="1" falsecount="10"/>
        <line num="14" count="0" type="cond" truecount="0" falsecount="6"/>
        <line num="15" count="48" type="cond" truecount="14" falsecount="24"/>
        <line num="16" count="2" type="cond" truecount="2" falsecount="12"/>
        <line num="18" count="0" type="stmt"/>
        <line num="22" count="0" type="cond" truecount="0" falsecount="4"/>
        <line num="24" count="584" type="cond" truecount="99" falsecount="1235"/>
        <line num="25" count="0" type="stmt"/>
        <line num="26" count="0" type="stmt"/>
        <line num="27" count="0" type="stmt"/>
        <line num="28" count="2" type="cond" truecount="0" falsecount="40"/>
        <line num="29" count="2" type="cond" truecount="0" falsecount="39"/>
        <line num="30" count="2" type="cond" truecount="0" falsecount="75"/>
        <line num="31" count="20" type="cond" truecount="1" falsecount="137"/>
        <line num="32" count="180" type="cond" truecount="70" falsecount="232"/>
        <line num="33" count="2" type="stmt"/>
        <line num="34" count="96" type="cond" truecount="21" falsecount="251"/>
        <line num="36" count="4" type="cond" truecount="3" falsecount="3"/>
        <line num="38" count="0" type="stmt"/>
        <line num="39" count="0" type="stmt"/>
        <line num="40" count="0" type="stmt"/>
        <line num="45" count="0" type="stmt"/>
        <line num="46" count="0" type="cond" truecount="0" falsecount="2"/>
        <line num="48" count="0" type="stmt"/>
        <line num="55" count="0" type="stmt"/>
        <line num="60" count="0" type="stmt"/>
        <line num="67" count="4" type="cond" truecount="10" falsecount="21"/>
        <line num="68" count="0" type="stmt"/>
        <line num="69" count="2" type="cond" truecount="0" falsecount="7"/>
        <line num="72" count="0" type="stmt"/>
        <line num="104" count="0" type="stmt"/>
        <line num="113" count="1671" type="cond" truecount="22" falsecount="137"/>
        <line num="114" count="24" type="cond" truecount="20" falsecount="143"/>
        <line num="115" count="20" type="cond" truecount="20" falsecount="36"/>
        <line num="116" count="4" type="cond" truecount="0" falsecount="29"/>
        <line num="117" count="4" type="cond" truecount="15" falsecount="64"/>
        <line num="124" count="145" type="cond" truecount="37" falsecount="110"/>
        <line num="125" count="2" type="cond" truecount="0" falsecount="14"/>
        <line num="126" count="0" type="cond" truecount="0" falsecount="6"/>
        <line num="127" count="0" type="cond" truecount="0" falsecount="2"/>
        <line num="128" count="0" type="cond" truecount="0" falsecount="14"/>
        <line num="129" count="0" type="cond" truecount="0" falsecount="78"/>
        <line num="133" count="20" type="cond" truecount="45" falsecount="94"/>
        <line num="134" count="4" type="cond" truecount="2" falsecount="10"/>
      </file>
    </package>
    <package name="src.middleware">
      <metrics statements="14" coveredstatements="12" conditionals="6" coveredconditionals="5" methods="2" coveredmethods="2"/>
      <file name="authHandler.ts" path="/home/jay/Documents/code_projects/movie_reservation/src/middleware/authHandler.ts">
        <metrics statements="10" coveredstatements="8" conditionals="4" coveredconditionals="3" methods="1" coveredmethods="1"/>
        <line num="4" count="2" type="stmt"/>
        <line num="5" count="14" type="stmt"/>
        <line num="6" count="14" type="cond" truecount="2" falsecount="0"/>
        <line num="7" count="14" type="cond" truecount="1" falsecount="1"/>
        <line num="8" count="0" type="stmt"/>
        <line num="13" count="14" type="stmt"/>
        <line num="14" count="14" type="stmt"/>
        <line num="15" count="14" type="stmt"/>
        <line num="16" count="14" type="stmt"/>
        <line num="18" count="0" type="stmt"/>
      </file>
      <file name="errorHandler.ts" path="/home/jay/Documents/code_projects/movie_reservation/src/middleware/errorHandler.ts">
        <metrics statements="4" coveredstatements="4" conditionals="2" coveredconditionals="2" methods="1" coveredmethods="1"/>
        <line num="7" count="13" type="cond" truecount="2" falsecount="0"/>
        <line num="8" count="12" type="stmt"/>
        <line num="19" count="1" type="stmt"/>
        <line num="21" count="1" type="stmt"/>
      </file>
    </package>
    <package name="src.routes">
      <metrics statements="9" coveredstatements="9" conditionals="0" coveredconditionals="0" methods="0" coveredmethods="0"/>
      <file name="healthRoutes.ts" path="/home/jay/Documents/code_projects/movie_reservation/src/routes/healthRoutes.ts">
        <metrics statements="2" coveredstatements="2" conditionals="0" coveredconditionals="0" methods="0" coveredmethods="0"/>
        <line num="4" count="2" type="stmt"/>
        <line num="6" count="2" type="stmt"/>
      </file>
      <file name="movieRoutes.ts" path="/home/jay/Documents/code_projects/movie_reservation/src/routes/movieRoutes.ts">
        <metrics statements="4" coveredstatements="4" conditionals="0" coveredconditionals="0" methods="0" coveredmethods="0"/>
        <line num="4" count="2" type="stmt"/>
        <line num="6" count="2" type="stmt"/>
        <line num="7" count="2" type="stmt"/>
        <line num="8" count="2" type="stmt"/>
      </file>
      <file name="userRoutes.ts" path="/home/jay/Documents/code_projects/movie_reservation/src/routes/userRoutes.ts">
        <metrics statements="3" coveredstatements="3" conditionals="0" coveredconditionals="0" methods="0" coveredmethods="0"/>
        <line num="5" count="2" type="stmt"/>
        <line num="8" count="2" type="stmt"/>
        <line num="9" count="2" type="stmt"/>
      </file>
    </package>
    <package name="src.schema">
      <metrics statements="7" coveredstatements="6" conditionals="0" coveredconditionals="0" methods="1" coveredmethods="0"/>
      <file name="movieSchema.ts" path="/home/jay/Documents/code_projects/movie_reservation/src/schema/movieSchema.ts">
        <metrics statements="3" coveredstatements="2" conditionals="0" coveredconditionals="0" methods="1" coveredmethods="0"/>
        <line num="6" count="2" type="stmt"/>
        <line num="15" count="2" type="stmt"/>
        <line num="16" count="0" type="stmt"/>
      </file>
      <file name="userSchema.ts" path="/home/jay/Documents/code_projects/movie_reservation/src/schema/userSchema.ts">
        <metrics statements="4" coveredstatements="4" conditionals="0" coveredconditionals="0" methods="0" coveredmethods="0"/>
        <line num="6" count="2" type="stmt"/>
        <line num="7" count="2" type="stmt"/>
        <line num="9" count="2" type="stmt"/>
        <line num="17" count="2" type="stmt"/>
      </file>
    </package>
    <package name="src.services">
      <metrics statements="17" coveredstatements="15" conditionals="0" coveredconditionals="0" methods="5" coveredmethods="4"/>
      <file name="movieServices.ts" path="/home/jay/Documents/code_projects/movie_reservation/src/services/movieServices.ts">
        <metrics statements="10" coveredstatements="8" conditionals="0" coveredconditionals="0" methods="3" coveredmethods="2"/>
        <line num="4" count="2" type="stmt"/>
        <line num="6" count="2" type="stmt"/>
        <line num="12" count="1" type="stmt"/>
        <line num="24" count="1" type="stmt"/>
        <line num="27" count="2" type="stmt"/>
        <line num="28" count="1" type="stmt"/>
        <line num="31" count="1" type="stmt"/>
        <line num="34" count="2" type="stmt"/>
        <line num="35" count="0" type="stmt"/>
        <line num="41" count="0" type="stmt"/>
      </file>
      <file name="userServices.ts" path="/home/jay/Documents/code_projects/movie_reservation/src/services/userServices.ts">
        <metrics statements="7" coveredstatements="7" conditionals="0" coveredconditionals="0" methods="2" coveredmethods="2"/>
        <line num="6" count="2" type="stmt"/>
        <line num="8" count="2" type="stmt"/>
        <line num="13" count="1" type="stmt"/>
        <line num="24" count="1" type="stmt"/>
        <line num="27" count="2" type="stmt"/>
        <line num="28" count="17" type="stmt"/>
        <line num="33" count="17" type="stmt"/>
      </file>
    </package>
    <package name="src.utils">
      <metrics statements="6" coveredstatements="6" conditionals="1" coveredconditionals="1" methods="2" coveredmethods="2"/>
      <file name="encryption.ts" path="/home/jay/Documents/code_projects/movie_reservation/src/utils/encryption.ts">
        <metrics statements="6" coveredstatements="6" conditionals="1" coveredconditionals="1" methods="2" coveredmethods="2"/>
        <line num="3" count="2" type="stmt"/>
        <line num="7" count="16" type="stmt"/>
        <line num="9" count="16" type="stmt"/>
        <line num="10" count="16" type="stmt"/>
        <line num="13" count="2" type="stmt"/>
        <line num="14" count="16" type="stmt"/>
      </file>
    </package>
  </project>
</coverage>
